<?xml version="1.0" encoding="UTF-8"?>
<!-- Generated by org.testng.reporters.JUnitXMLReporter -->
<testsuite hostname="ALIPLR2726" ignored="0" name="Test" tests="3" failures="0" timestamp="2020-03-10T12:10:19 IST" time="142.286" errors="0">
  <testcase name="totalValidation" time="56.887" classname="learning.AppiumFramework.Ecommerce_tc3"/>
  <testcase name="apiDemo" time="44.854" classname="learning.AppiumFramework.ApiDemosTest"/>
  <testcase name="apiDemo" time="37.256" classname="learning.AppiumFramework.ApiDemosTest"/>
</testsuite> <!-- Test -->
