<?xml version="1.0" encoding="UTF-8"?>
<testng-results skipped="0" failed="0" ignored="0" total="1" passed="1">
  <reporter-output>
  </reporter-output>
  <suite name="Suite" duration-ms="67078" started-at="2020-03-17T10:41:02Z" finished-at="2020-03-17T10:42:09Z">
    <groups>
    </groups>
    <test name="Test" duration-ms="67078" started-at="2020-03-17T10:41:02Z" finished-at="2020-03-17T10:42:09Z">
      <class name="learning.AppiumFramework.Ecommerce_tc3">
        <test-method status="PASS" signature="killAllNodes()[pri:0, instance:learning.AppiumFramework.Ecommerce_tc3@2b6856dd]" name="killAllNodes" is-config="true" duration-ms="3035" started-at="2020-03-17T10:41:02Z" finished-at="2020-03-17T10:41:05Z">
          <reporter-output>
          </reporter-output>
        </test-method> <!-- killAllNodes -->
        <test-method status="PASS" signature="totalValidation()[pri:0, instance:learning.AppiumFramework.Ecommerce_tc3@2b6856dd]" name="totalValidation" duration-ms="63946" started-at="2020-03-17T10:41:05Z" finished-at="2020-03-17T10:42:09Z">
          <reporter-output>
          </reporter-output>
        </test-method> <!-- totalValidation -->
      </class> <!-- learning.AppiumFramework.Ecommerce_tc3 -->
    </test> <!-- Test -->
  </suite> <!-- Suite -->
</testng-results>
