<?xml version="1.0" encoding="UTF-8"?>
<testng-results skipped="0" failed="0" ignored="0" total="3" passed="3">
  <reporter-output>
  </reporter-output>
  <suite name="Suite" duration-ms="142286" started-at="2020-03-10T12:07:57 IST" finished-at="2020-03-10T12:10:19 IST">
    <groups>
    </groups>
    <test name="Test" duration-ms="142286" started-at="2020-03-10T12:07:57 IST" finished-at="2020-03-10T12:10:19 IST">
      <class name="learning.AppiumFramework.ApiDemosTest">
        <test-method status="PASS" signature="apiDemo(java.lang.String)[pri:0, instance:learning.AppiumFramework.ApiDemosTest@8646db9]" name="apiDemo" duration-ms="44854" started-at="2020-03-10T12:08:57 IST" data-provider="InputData" finished-at="2020-03-10T12:09:42 IST">
          <params>
            <param index="0">
              <value>
                <![CDATA[hello]]>
              </value>
            </param>
          </params>
          <reporter-output>
          </reporter-output>
        </test-method> <!-- apiDemo -->
        <test-method status="PASS" signature="apiDemo(java.lang.String)[pri:0, instance:learning.AppiumFramework.ApiDemosTest@8646db9]" name="apiDemo" duration-ms="37256" started-at="2020-03-10T12:09:42 IST" data-provider="InputData" finished-at="2020-03-10T12:10:19 IST">
          <params>
            <param index="0">
              <value>
                <![CDATA[$@#]]>
              </value>
            </param>
          </params>
          <reporter-output>
          </reporter-output>
        </test-method> <!-- apiDemo -->
      </class> <!-- learning.AppiumFramework.ApiDemosTest -->
      <class name="learning.AppiumFramework.Ecommerce_tc3">
        <test-method status="PASS" signature="killAllNodes()[pri:0, instance:learning.AppiumFramework.Ecommerce_tc3@66d1af89]" name="killAllNodes" is-config="true" duration-ms="3190" started-at="2020-03-10T12:07:57 IST" finished-at="2020-03-10T12:08:00 IST">
          <reporter-output>
          </reporter-output>
        </test-method> <!-- killAllNodes -->
        <test-method status="PASS" signature="totalValidation()[pri:0, instance:learning.AppiumFramework.Ecommerce_tc3@66d1af89]" name="totalValidation" duration-ms="56887" started-at="2020-03-10T12:08:00 IST" finished-at="2020-03-10T12:08:57 IST">
          <reporter-output>
          </reporter-output>
        </test-method> <!-- totalValidation -->
      </class> <!-- learning.AppiumFramework.Ecommerce_tc3 -->
    </test> <!-- Test -->
  </suite> <!-- Suite -->
</testng-results>
